<?xml version="1.0" encoding="UTF-8"?>
<testng-results skipped="0" failed="0" ignored="0" total="1" passed="1">
  <reporter-output>
    <line>
      <![CDATA[--------Test Started----------]]>
    </line>
    <line>
      <![CDATA[--------Test Ended------------]]>
    </line>
  </reporter-output>
  <suite name="Default suite" duration-ms="21166" started-at="2018-03-13T07:47:59Z" finished-at="2018-03-13T07:48:20Z">
    <groups>
    </groups>
    <test name="Default test" duration-ms="21166" started-at="2018-03-13T07:47:59Z" finished-at="2018-03-13T07:48:20Z">
      <class name="com.citqa.Tests.FirstTest">
        <test-method status="PASS" signature="InitClass()[pri:0, instance:com.citqa.Tests.FirstTest@55f3ddb1]" name="InitClass" is-config="true" duration-ms="20393" started-at="2018-03-13T13:17:59Z" finished-at="2018-03-13T13:18:19Z">
          <reporter-output>
          </reporter-output>
        </test-method> <!-- InitClass -->
        <test-method status="PASS" signature="InitMethod()[pri:0, instance:com.citqa.Tests.FirstTest@55f3ddb1]" name="InitMethod" is-config="true" duration-ms="0" started-at="2018-03-13T13:18:19Z" finished-at="2018-03-13T13:18:19Z">
          <reporter-output>
          </reporter-output>
        </test-method> <!-- InitMethod -->
        <test-method status="PASS" signature="TestMethod1()[pri:0, instance:com.citqa.Tests.FirstTest@55f3ddb1]" name="TestMethod1" duration-ms="6" started-at="2018-03-13T13:18:19Z" finished-at="2018-03-13T13:18:19Z">
          <reporter-output>
            <line>
              <![CDATA[--------Test Started----------]]>
            </line>
            <line>
              <![CDATA[--------Test Ended------------]]>
            </line>
          </reporter-output>
        </test-method> <!-- TestMethod1 -->
        <test-method status="PASS" signature="endClass()[pri:0, instance:com.citqa.Tests.FirstTest@55f3ddb1]" name="endClass" is-config="true" duration-ms="757" started-at="2018-03-13T13:18:19Z" finished-at="2018-03-13T13:18:20Z">
          <reporter-output>
          </reporter-output>
        </test-method> <!-- endClass -->
      </class> <!-- com.citqa.Tests.FirstTest -->
    </test> <!-- Default test -->
  </suite> <!-- Default suite -->
</testng-results>
