<?xml version="1.0" encoding="UTF-8"?>
<testng-results skipped="0" failed="0" ignored="0" total="1" passed="1">
  <reporter-output>
  </reporter-output>
  <suite name="Suite" duration-ms="13217" started-at="2018-03-09T10:14:14Z" finished-at="2018-03-09T10:14:27Z">
    <groups>
    </groups>
    <test name="Test" duration-ms="13217" started-at="2018-03-09T10:14:14Z" finished-at="2018-03-09T10:14:27Z">
      <class name="com.citqa.Tests.FirstTest">
        <test-method status="PASS" signature="InitClass()[pri:0, instance:com.citqa.Tests.FirstTest@1134affc]" name="InitClass" is-config="true" duration-ms="12483" started-at="2018-03-09T15:44:14Z" finished-at="2018-03-09T15:44:26Z">
          <reporter-output>
          </reporter-output>
        </test-method> <!-- InitClass -->
        <test-method status="PASS" signature="TestMethod1()[pri:0, instance:com.citqa.Tests.FirstTest@1134affc]" name="TestMethod1" duration-ms="2" started-at="2018-03-09T15:44:26Z" finished-at="2018-03-09T15:44:26Z">
          <reporter-output>
          </reporter-output>
        </test-method> <!-- TestMethod1 -->
        <test-method status="PASS" signature="InitMethod()[pri:0, instance:com.citqa.Tests.FirstTest@1134affc]" name="InitMethod" is-config="true" duration-ms="0" started-at="2018-03-09T15:44:26Z" finished-at="2018-03-09T15:44:26Z">
          <reporter-output>
          </reporter-output>
        </test-method> <!-- InitMethod -->
        <test-method status="PASS" signature="endClass()[pri:0, instance:com.citqa.Tests.FirstTest@1134affc]" name="endClass" is-config="true" duration-ms="715" started-at="2018-03-09T15:44:26Z" finished-at="2018-03-09T15:44:27Z">
          <reporter-output>
          </reporter-output>
        </test-method> <!-- endClass -->
      </class> <!-- com.citqa.Tests.FirstTest -->
    </test> <!-- Test -->
  </suite> <!-- Suite -->
</testng-results>
